2016-7-1 0:11:24 org.apache.catalina.startup.ClassLoaderFactory validateFile
警告: Problem with directory [/home/coderam/development/workspace/apache-tomcat-6.0.45-src-stu/etc/lib], exists: [false], isDirectory: [false], canRead: [false]
2016-7-1 0:11:24 org.apache.catalina.startup.ClassLoaderFactory validateFile
警告: Problem with directory [/home/coderam/development/workspace/apache-tomcat-6.0.45-src-stu/etc/lib], exists: [false], isDirectory: [false], canRead: [false]
2016-7-1 0:11:24 org.apache.catalina.startup.ClassLoaderFactory validateFile
警告: Problem with directory [/home/coderam/development/workspace/apache-tomcat-6.0.45-src-stu/etc/lib], exists: [false], isDirectory: [false], canRead: [false]
2016-7-1 0:11:24 org.apache.catalina.startup.ClassLoaderFactory validateFile
警告: Problem with directory [/home/coderam/development/workspace/apache-tomcat-6.0.45-src-stu/etc/lib], exists: [false], isDirectory: [false], canRead: [false]
2016-7-1 0:11:24 org.apache.catalina.startup.Embedded initDirs
严重: Cannot find specified temporary folder at etc/temp
2016-7-1 0:11:25 org.apache.catalina.core.AprLifecycleListener init
信息: The APR based Apache Tomcat Native library which allows optimal performance in production environments was not found on the java.library.path: /usr/soft/jdk1.6.0_45/jre/lib/amd64/server:/usr/soft/jdk1.6.0_45/jre/lib/amd64:/usr/soft/jdk1.6.0_45/jre/../lib/amd64:/home/coderam/soft/idea-IU-145.972.3/bin::/usr/java/packages/lib/amd64:/usr/lib64:/lib64:/lib:/usr/lib
2016-7-1 0:11:25 org.apache.coyote.http11.Http11Protocol init
信息: Initializing Coyote HTTP/1.1 on http-8080
2016-7-1 0:11:25 org.apache.catalina.startup.Catalina load
信息: Initialization processed in 451 ms
2016-7-1 0:11:25 org.apache.catalina.core.StandardService start
信息: Starting service Catalina
2016-7-1 0:11:25 org.apache.catalina.core.StandardEngine start
信息: Starting Servlet Engine: Apache Tomcat/@VERSION@
2016-7-1 0:11:25 org.apache.coyote.http11.Http11Protocol start
信息: Starting Coyote HTTP/1.1 on http-8080
2016-7-1 0:11:25 org.apache.jk.common.ChannelSocket init
信息: JK: ajp13 listening on /0.0.0.0:8009
2016-7-1 0:11:25 org.apache.jk.server.JkMain start
信息: Jk running ID=0 time=0/32  config=null
2016-7-1 0:11:25 org.apache.catalina.startup.Catalina start
信息: Server startup in 110 ms
2016-7-1 0:14:07 org.apache.coyote.http11.Http11Protocol pause
信息: Pausing Coyote HTTP/1.1 on http-8080
2016-7-1 0:14:08 org.apache.catalina.core.StandardService stop
信息: Stopping service Catalina
2016-7-1 0:14:08 org.apache.coyote.http11.Http11Protocol destroy
信息: Stopping Coyote HTTP/1.1 on http-8080
2016-7-1 0:14:11 org.apache.catalina.startup.ClassLoaderFactory validateFile
警告: Problem with directory [/home/coderam/development/workspace/apache-tomcat-6.0.45-src-stu/etc/lib], exists: [false], isDirectory: [false], canRead: [false]
2016-7-1 0:14:11 org.apache.catalina.startup.ClassLoaderFactory validateFile
警告: Problem with directory [/home/coderam/development/workspace/apache-tomcat-6.0.45-src-stu/etc/lib], exists: [false], isDirectory: [false], canRead: [false]
2016-7-1 0:14:11 org.apache.catalina.startup.ClassLoaderFactory validateFile
警告: Problem with directory [/home/coderam/development/workspace/apache-tomcat-6.0.45-src-stu/etc/lib], exists: [false], isDirectory: [false], canRead: [false]
2016-7-1 0:14:11 org.apache.catalina.startup.ClassLoaderFactory validateFile
警告: Problem with directory [/home/coderam/development/workspace/apache-tomcat-6.0.45-src-stu/etc/lib], exists: [false], isDirectory: [false], canRead: [false]
2016-7-1 0:14:11 org.apache.catalina.core.AprLifecycleListener init
信息: The APR based Apache Tomcat Native library which allows optimal performance in production environments was not found on the java.library.path: /usr/soft/jdk1.6.0_45/jre/lib/amd64/server:/usr/soft/jdk1.6.0_45/jre/lib/amd64:/usr/soft/jdk1.6.0_45/jre/../lib/amd64:/home/coderam/soft/idea-IU-145.972.3/bin::/usr/java/packages/lib/amd64:/usr/lib64:/lib64:/lib:/usr/lib
2016-7-1 0:14:11 org.apache.coyote.http11.Http11Protocol init
信息: Initializing Coyote HTTP/1.1 on http-8080
2016-7-1 0:14:11 org.apache.catalina.startup.Catalina load
信息: Initialization processed in 330 ms
2016-7-1 0:14:11 org.apache.catalina.core.StandardService start
信息: Starting service Catalina
2016-7-1 0:14:11 org.apache.catalina.core.StandardEngine start
信息: Starting Servlet Engine: Apache Tomcat/@VERSION@
2016-7-1 0:14:11 org.apache.coyote.http11.Http11Protocol start
信息: Starting Coyote HTTP/1.1 on http-8080
2016-7-1 0:14:11 org.apache.jk.common.ChannelSocket init
信息: JK: ajp13 listening on /0.0.0.0:8009
2016-7-1 0:14:11 org.apache.jk.server.JkMain start
信息: Jk running ID=0 time=0/11  config=null
2016-7-1 0:14:11 org.apache.catalina.startup.Catalina start
信息: Server startup in 77 ms
2016-7-1 0:20:38 org.apache.coyote.http11.Http11Protocol pause
信息: Pausing Coyote HTTP/1.1 on http-8080
2016-7-1 0:20:39 org.apache.catalina.core.StandardService stop
信息: Stopping service Catalina
2016-7-1 0:20:39 org.apache.coyote.http11.Http11Protocol destroy
信息: Stopping Coyote HTTP/1.1 on http-8080
